FrameBenchMark/app/build/intermediates/manifest_merge_blame_file/debug/manifest-merger-blame-debug-report.txt
1<?xml version="1.0" encoding="utf-8"?>
2<!--
3~ Copyright (C) 2015 The Android Open Source Project
4~
5~ Licensed under the Apache License, Version 2.0 (the "License");
6~ you may not use this file except in compliance with the License.
7~ You may obtain a copy of the License at
8~
9~   http://www.apache.org/licenses/LICENSE-2.0
10~
11~ Unless required by applicable law or agreed to in writing, software
12~ distributed under the License is distributed on an "AS IS" BASIS,
13~ WITHOUT WARRANTIES OR CONDITIONS OF ANY KIND, either express or implied.
14~ See the License for the specific language governing permissions and
15~ limitations under the License.
16-->
17<manifest xmlns:android="http://schemas.android.com/apk/res/android"
18    package="com.example.android.testing.uiautomator.BasicSample"
19    android:versionCode="1"
20    android:versionName="1.0" >
21
22    <uses-sdk
23        android:minSdkVersion="18"
23-->src/main/AndroidManifest.xml
24        android:targetSdkVersion="28" />
24-->src/main/AndroidManifest.xml
25
26    <uses-permission android:name="android.permission.WRITE_EXTERNAL_STORAGE" />
26-->src/main/AndroidManifest.xml:21:5-80
26-->src/main/AndroidManifest.xml:21:22-78
27    <uses-permission android:name="android.permission.READ_EXTERNAL_STORAGE" />
27-->src/main/AndroidManifest.xml:22:5-79
27-->src/main/AndroidManifest.xml:22:22-77
28    <uses-permission android:name="android.permission.GET_ACCOUNTS" />
28-->src/main/AndroidManifest.xml:23:5-71
28-->src/main/AndroidManifest.xml:23:22-68
29
30    <application
30-->src/main/AndroidManifest.xml:25:5-37:19
31        android:appComponentFactory="androidx.core.app.CoreComponentFactory"
31-->[androidx.core:core:1.1.0] AndroidManifest.xml:24:18-86
32        android:debuggable="true"
33        android:icon="@drawable/ic_launcher"
33-->src/main/AndroidManifest.xml:26:9-45
34        android:label="@string/app_name"
34-->src/main/AndroidManifest.xml:27:9-41
35        android:testOnly="true"
36        android:theme="@style/AppTheme" >
36-->src/main/AndroidManifest.xml:28:9-40
37        <activity
37-->src/main/AndroidManifest.xml:29:9-36:20
38            android:name="com.example.android.testing.uiautomator.FrameBench.MainActivity"
38-->src/main/AndroidManifest.xml:30:13-91
39            android:label="@string/app_name" >
39-->src/main/AndroidManifest.xml:31:13-45
40            <intent-filter>
40-->src/main/AndroidManifest.xml:32:13-35:29
41                <action android:name="android.intent.action.MAIN" />
41-->src/main/AndroidManifest.xml:33:17-69
41-->src/main/AndroidManifest.xml:33:25-66
42
43                <category android:name="android.intent.category.LAUNCHER" />
43-->src/main/AndroidManifest.xml:34:17-77
43-->src/main/AndroidManifest.xml:34:27-74
44            </intent-filter>
45        </activity>
46    </application>
47
48</manifest>